Watching for file changes with StatReloader
Performing system checks...

System check identified some issues:

WARNINGS:
todos.Todo: (models.W042) Auto-created primary key used when not defining a primary key type, by default 'django.db.models.AutoField'.
	HINT: Configure the DEFAULT_AUTO_FIELD setting or the TodosConfig.default_auto_field attribute to point to a subclass of AutoField, e.g. 'django.db.models.BigAutoField'.

System check identified 1 issue (0 silenced).
January 07, 2023 - 23:18:47
Django version 4.1.5, using settings 'todoApp.settings'
Starting development server at http://0.0.0.0:8000/
Quit the server with CONTROL-C.
[07/Jan/2023 23:19:44] "GET /todos/ HTTP/1.1" 200 3515
[07/Jan/2023 23:19:48] "POST /todos/3/update HTTP/1.1" 302 0
[07/Jan/2023 23:19:48] "GET /todos/ HTTP/1.1" 200 3552
[07/Jan/2023 23:19:49] "POST /todos/2/update HTTP/1.1" 302 0
[07/Jan/2023 23:19:49] "GET /todos/ HTTP/1.1" 200 3589
[07/Jan/2023 23:19:50] "POST /todos/3/update HTTP/1.1" 302 0
[07/Jan/2023 23:19:50] "GET /todos/ HTTP/1.1" 200 3552
[07/Jan/2023 23:19:51] "POST /todos/2/update HTTP/1.1" 302 0
[07/Jan/2023 23:19:51] "GET /todos/ HTTP/1.1" 200 3515
